<?xml version="1.0" encoding="UTF-8"?>
<testng-results skipped="5" failed="0" total="6" passed="1">
  <reporter-output>
  </reporter-output>
  <suite name="Default suite" duration-ms="205" started-at="2016-05-18T01:28:28Z" finished-at="2016-05-18T01:28:29Z">
    <groups>
    </groups>
    <test name="Default test" duration-ms="205" started-at="2016-05-18T01:28:28Z" finished-at="2016-05-18T01:28:29Z">
      <class name="Main.main">
        <test-method status="PASS" signature="main()[pri:0, instance:Main.main@6ea12c19]" name="main" is-config="true" duration-ms="14" started-at="2016-05-17T18:28:28Z" finished-at="2016-05-17T18:28:28Z">
          <reporter-output>
          </reporter-output>
        </test-method> <!-- main -->
        <test-method status="PASS" signature="setup()[pri:0, instance:Main.main@6ea12c19]" name="setup" is-config="true" duration-ms="1" started-at="2016-05-17T18:28:28Z" finished-at="2016-05-17T18:28:28Z">
          <reporter-output>
          </reporter-output>
        </test-method> <!-- setup -->
        <test-method status="PASS" signature="BothwaySorting()[pri:0, instance:Main.main@6ea12c19]" name="BothwaySorting" duration-ms="11" started-at="2016-05-17T18:28:28Z" finished-at="2016-05-17T18:28:28Z">
          <reporter-output>
          </reporter-output>
        </test-method> <!-- BothwaySorting -->
        <test-method status="FAIL" signature="finish()[pri:0, instance:Main.main@6ea12c19]" name="finish" is-config="true" duration-ms="0" started-at="2016-05-17T18:28:28Z" finished-at="2016-05-17T18:28:28Z">
          <exception class="java.lang.AssertionError">
            <full-stacktrace>
              <![CDATA[java.lang.AssertionError
	at org.junit.Assert.fail(Assert.java:86)
	at org.junit.Assert.assertTrue(Assert.java:41)
	at org.junit.Assert.assertTrue(Assert.java:52)
	at Main.main.finish(main.java:48)
	at sun.reflect.NativeMethodAccessorImpl.invoke0(Native Method)
	at sun.reflect.NativeMethodAccessorImpl.invoke(NativeMethodAccessorImpl.java:62)
	at sun.reflect.DelegatingMethodAccessorImpl.invoke(DelegatingMethodAccessorImpl.java:43)
	at java.lang.reflect.Method.invoke(Method.java:483)
	at org.testng.internal.MethodInvocationHelper.invokeMethod(MethodInvocationHelper.java:86)
	at org.testng.internal.Invoker.invokeConfigurationMethod(Invoker.java:515)
	at org.testng.internal.Invoker.invokeConfigurations(Invoker.java:216)
	at org.testng.internal.Invoker.invokeMethod(Invoker.java:712)
	at org.testng.internal.Invoker.invokeTestMethod(Invoker.java:823)
	at org.testng.internal.Invoker.invokeTestMethods(Invoker.java:1131)
	at org.testng.internal.TestMethodWorker.invokeTestMethods(TestMethodWorker.java:129)
	at org.testng.internal.TestMethodWorker.run(TestMethodWorker.java:112)
	at org.testng.TestRunner.privateRun(TestRunner.java:778)
	at org.testng.TestRunner.run(TestRunner.java:632)
	at org.testng.SuiteRunner.runTest(SuiteRunner.java:366)
	at org.testng.SuiteRunner.runSequentially(SuiteRunner.java:361)
	at org.testng.SuiteRunner.privateRun(SuiteRunner.java:319)
	at org.testng.SuiteRunner.run(SuiteRunner.java:268)
	at org.testng.SuiteRunnerWorker.runSuite(SuiteRunnerWorker.java:52)
	at org.testng.SuiteRunnerWorker.run(SuiteRunnerWorker.java:86)
	at org.testng.TestNG.runSuitesSequentially(TestNG.java:1225)
	at org.testng.TestNG.runSuitesLocally(TestNG.java:1150)
	at org.testng.TestNG.runSuites(TestNG.java:1075)
	at org.testng.TestNG.run(TestNG.java:1047)
	at org.testng.remote.AbstractRemoteTestNG.run(AbstractRemoteTestNG.java:126)
	at org.testng.remote.RemoteTestNG.initAndRun(RemoteTestNG.java:137)
	at org.testng.remote.RemoteTestNG.main(RemoteTestNG.java:58)
]]>
            </full-stacktrace>
          </exception> <!-- java.lang.AssertionError -->
          <reporter-output>
          </reporter-output>
        </test-method> <!-- finish -->
        <test-method status="SKIP" signature="setup()[pri:0, instance:Main.main@6ea12c19]" name="setup" is-config="true" duration-ms="0" started-at="2016-05-17T18:28:29Z" finished-at="2016-05-17T18:28:29Z">
          <reporter-output>
          </reporter-output>
        </test-method> <!-- setup -->
        <test-method status="SKIP" signature="BubbleSorting()[pri:0, instance:Main.main@6ea12c19]" name="BubbleSorting" duration-ms="6" started-at="2016-05-17T18:28:29Z" finished-at="2016-05-17T18:28:29Z">
          <reporter-output>
          </reporter-output>
        </test-method> <!-- BubbleSorting -->
        <test-method status="SKIP" signature="finish()[pri:0, instance:Main.main@6ea12c19]" name="finish" is-config="true" duration-ms="0" started-at="2016-05-17T18:28:29Z" finished-at="2016-05-17T18:28:29Z">
          <reporter-output>
          </reporter-output>
        </test-method> <!-- finish -->
        <test-method status="SKIP" signature="setup()[pri:0, instance:Main.main@6ea12c19]" name="setup" is-config="true" duration-ms="0" started-at="2016-05-17T18:28:29Z" finished-at="2016-05-17T18:28:29Z">
          <reporter-output>
          </reporter-output>
        </test-method> <!-- setup -->
        <test-method status="SKIP" signature="InsertionSorting()[pri:0, instance:Main.main@6ea12c19]" name="InsertionSorting" duration-ms="5" started-at="2016-05-17T18:28:29Z" finished-at="2016-05-17T18:28:29Z">
          <reporter-output>
          </reporter-output>
        </test-method> <!-- InsertionSorting -->
        <test-method status="SKIP" signature="finish()[pri:0, instance:Main.main@6ea12c19]" name="finish" is-config="true" duration-ms="0" started-at="2016-05-17T18:28:29Z" finished-at="2016-05-17T18:28:29Z">
          <reporter-output>
          </reporter-output>
        </test-method> <!-- finish -->
        <test-method status="SKIP" signature="setup()[pri:0, instance:Main.main@6ea12c19]" name="setup" is-config="true" duration-ms="0" started-at="2016-05-17T18:28:29Z" finished-at="2016-05-17T18:28:29Z">
          <reporter-output>
          </reporter-output>
        </test-method> <!-- setup -->
        <test-method status="SKIP" signature="QuickSorting()[pri:0, instance:Main.main@6ea12c19]" name="QuickSorting" duration-ms="13" started-at="2016-05-17T18:28:29Z" finished-at="2016-05-17T18:28:29Z">
          <reporter-output>
          </reporter-output>
        </test-method> <!-- QuickSorting -->
        <test-method status="SKIP" signature="finish()[pri:0, instance:Main.main@6ea12c19]" name="finish" is-config="true" duration-ms="0" started-at="2016-05-17T18:28:29Z" finished-at="2016-05-17T18:28:29Z">
          <reporter-output>
          </reporter-output>
        </test-method> <!-- finish -->
        <test-method status="SKIP" signature="setup()[pri:0, instance:Main.main@6ea12c19]" name="setup" is-config="true" duration-ms="0" started-at="2016-05-17T18:28:29Z" finished-at="2016-05-17T18:28:29Z">
          <reporter-output>
          </reporter-output>
        </test-method> <!-- setup -->
        <test-method status="SKIP" signature="RadixSorting()[pri:0, instance:Main.main@6ea12c19]" name="RadixSorting" duration-ms="8" started-at="2016-05-17T18:28:29Z" finished-at="2016-05-17T18:28:29Z">
          <reporter-output>
          </reporter-output>
        </test-method> <!-- RadixSorting -->
        <test-method status="SKIP" signature="finish()[pri:0, instance:Main.main@6ea12c19]" name="finish" is-config="true" duration-ms="0" started-at="2016-05-17T18:28:29Z" finished-at="2016-05-17T18:28:29Z">
          <reporter-output>
          </reporter-output>
        </test-method> <!-- finish -->
        <test-method status="SKIP" signature="setup()[pri:0, instance:Main.main@6ea12c19]" name="setup" is-config="true" duration-ms="0" started-at="2016-05-17T18:28:29Z" finished-at="2016-05-17T18:28:29Z">
          <reporter-output>
          </reporter-output>
        </test-method> <!-- setup -->
        <test-method status="SKIP" signature="SelectionSorting()[pri:0, instance:Main.main@6ea12c19]" name="SelectionSorting" duration-ms="6" started-at="2016-05-17T18:28:29Z" finished-at="2016-05-17T18:28:29Z">
          <reporter-output>
          </reporter-output>
        </test-method> <!-- SelectionSorting -->
        <test-method status="SKIP" signature="finish()[pri:0, instance:Main.main@6ea12c19]" name="finish" is-config="true" duration-ms="0" started-at="2016-05-17T18:28:29Z" finished-at="2016-05-17T18:28:29Z">
          <reporter-output>
          </reporter-output>
        </test-method> <!-- finish -->
      </class> <!-- Main.main -->
    </test> <!-- Default test -->
  </suite> <!-- Default suite -->
</testng-results>
